0 info it worked if it ends with ok
1 verbose cli [ 'node', '/usr/bin/npm', 'start' ]
2 info using npm@2.7.5
3 info using node@v0.10.38
4 verbose node symlink /usr/bin/node
5 verbose run-script [ 'prestart', 'start', 'poststart' ]
6 info prestart resource-stop@0.0.0
7 info start resource-stop@0.0.0
8 verbose unsafe-perm in lifecycle true
9 info resource-stop@0.0.0 Failed to exec start script
10 verbose stack Error: resource-stop@0.0.0 start: `node ./bin/www`
10 verbose stack Exit status 8
10 verbose stack     at EventEmitter.<anonymous> (/usr/lib/node_modules/npm/lib/utils/lifecycle.js:213:16)
10 verbose stack     at EventEmitter.emit (events.js:98:17)
10 verbose stack     at ChildProcess.<anonymous> (/usr/lib/node_modules/npm/lib/utils/spawn.js:14:12)
10 verbose stack     at ChildProcess.emit (events.js:98:17)
10 verbose stack     at maybeClose (child_process.js:766:16)
10 verbose stack     at Process.ChildProcess._handle.onexit (child_process.js:833:5)
11 verbose pkgid resource-stop@0.0.0
12 verbose cwd /home/eri/personal_apps/resource-stop
13 error Linux 3.2.0-4-486
14 error argv "node" "/usr/bin/npm" "start"
15 error node v0.10.38
16 error npm  v2.7.5
17 error code ELIFECYCLE
18 error resource-stop@0.0.0 start: `node ./bin/www`
18 error Exit status 8
19 error Failed at the resource-stop@0.0.0 start script 'node ./bin/www'.
19 error This is most likely a problem with the resource-stop package,
19 error not with npm itself.
19 error Tell the author that this fails on your system:
19 error     node ./bin/www
19 error You can get their info via:
19 error     npm owner ls resource-stop
19 error There is likely additional logging output above.
20 verbose exit [ 1, true ]
